-------------------------------------------------------------------------------
Test set: org.reverside.bootcamp.ubereats.test.CategoryTestCase
-------------------------------------------------------------------------------
Tests run: 1, Failures: 0, Errors: 1, Skipped: 0, Time elapsed: 17.738 s <<< FAILURE! - in org.reverside.bootcamp.ubereats.test.CategoryTestCase
TestCRUDCategory(org.reverside.bootcamp.ubereats.test.CategoryTestCase)  Time elapsed: 1.242 s  <<< ERROR!
java.lang.NullPointerException
	at org.reverside.bootcamp.ubereats.test.CategoryTestCase.TestCRUDCategory(CategoryTestCase.java:95)

