-------------------------------------------------------------------------------
Test set: org.reverside.bootcamp.ubereats.test.FoodOutletTestCase
-------------------------------------------------------------------------------
Tests run: 1, Failures: 0, Errors: 1, Skipped: 0, Time elapsed: 3.716 s <<< FAILURE! - in org.reverside.bootcamp.ubereats.test.FoodOutletTestCase
org.reverside.bootcamp.ubereats.test.FoodOutletTestCase  Time elapsed: 3.715 s  <<< ERROR!
org.springframework.jmx.export.UnableToRegisterMBeanException: Unable to register MBean [org.apache.commons.dbcp2.BasicDataSource@7e7740a5] with key 'getDataSource'; nested exception is javax.management.InstanceAlreadyExistsException: org.apache.commons.dbcp2:name=getDataSource,type=BasicDataSource
	at org.reverside.bootcamp.ubereats.test.FoodOutletTestCase.init(FoodOutletTestCase.java:29)
Caused by: javax.management.InstanceAlreadyExistsException: org.apache.commons.dbcp2:name=getDataSource,type=BasicDataSource
	at org.reverside.bootcamp.ubereats.test.FoodOutletTestCase.init(FoodOutletTestCase.java:29)

